[0m2021.05.19 14:56:34 INFO  Started: Metals version 0.10.3 in workspace '/home/kkafara/studies/cs/4_term/sysopy/lab/sandbox' for client Visual Studio Code 1.56.2.[0m
[0m2021.05.19 14:56:35 INFO  time: initialize in 1.78s[0m
[0m2021.05.19 14:56:35 WARN  Build server is not auto-connectable.[0m
[0m2021.05.19 14:56:35 WARN  no build tool detected in workspace '/home/kkafara/studies/cs/4_term/sysopy/lab/sandbox'. The most common cause for this problem is that the editor was opened in the wrong working directory, for example if you use sbt then the workspace directory should contain build.sbt. [0m
May 19, 2021 3:04:16 PM org.eclipse.lsp4j.jsonrpc.services.GenericEndpoint notify
INFO: Unsupported notification method: $/setTrace
May 19, 2021 3:05:59 PM org.eclipse.lsp4j.jsonrpc.services.GenericEndpoint notify
INFO: Unsupported notification method: $/setTrace
May 19, 2021 3:06:03 PM org.eclipse.lsp4j.jsonrpc.services.GenericEndpoint notify
INFO: Unsupported notification method: $/setTrace
May 19, 2021 3:06:37 PM org.eclipse.lsp4j.jsonrpc.services.GenericEndpoint notify
INFO: Unsupported notification method: $/setTrace
May 19, 2021 3:06:39 PM org.eclipse.lsp4j.jsonrpc.services.GenericEndpoint notify
INFO: Unsupported notification method: $/setTrace
May 19, 2021 3:06:48 PM org.eclipse.lsp4j.jsonrpc.services.GenericEndpoint notify
INFO: Unsupported notification method: $/setTrace
May 19, 2021 3:07:47 PM org.eclipse.lsp4j.jsonrpc.services.GenericEndpoint notify
INFO: Unsupported notification method: $/setTrace
May 19, 2021 3:10:41 PM org.eclipse.lsp4j.jsonrpc.services.GenericEndpoint notify
INFO: Unsupported notification method: $/setTrace
